COMP 412, Lab3, Autograder
--------------------------

The Lab 3 autograder does not measure running time.
Use the autotimer instead.

Correcness and Effectiveness points are based on the
standard that 90% of the reference implementation receives
full credit.

... Gathering cycle counts from lab3_ref ...
 
================================================================
Testing submission: sb121.tar
Name: Stefan Boskovic, NetId: sb121, Date from files:  2024-12-04

--- building executable ---
Executing 'make clean'
rm -f *.class

Executing 'make build'
javac -g *.java
--- built executable; should be ready to run ---

File		Lab	Ref	Difference
------------------------------------------
T001k.i		506	506	0
report01.i	42	26	16
report02.i	25	25	0
report03.i	28	28	0
report04.i	55	37	18
report05.i	99	27	72
report06.i	152	47	105
report07.i	86	39	47
report08.i	20	16	4
report09.i	52	30	22
report10.i	103	41	62
report11.i	103	31	72
report12.i	32	23	9
report13.i	35	29	6
report14.i	26	22	4
report15.i	74	26	48
report16.i	117	58	59
report17.i	28	23	5
report18.i	39	25	14
report19.i	47	41	6
report20.i	79	24	55
report21.i	80	74	6
report22.i	55	54	1
report23.i	80	71	9


	Correctness points:   40.0 / 40	
	Effectiveness points: 20.63 / 30

================================================================

Grading run complete
